<?xml version="1.0" encoding="UTF-8"?>
<!-- Generated by org.testng.reporters.JUnitXMLReporter -->
<testsuite ignored="0" hostname="DESKTOP-VCUM36R" failures="0" tests="3" name="ChromeTest" time="0.152" errors="0" timestamp="2022-03-05T12:47:13 IST">
  <testcase classname="pomExecution.NewTestNG" name="@BeforeTest launchBrowser" time="0.037">
    <failure type="java.lang.NullPointerException" message="Cannot invoke &amp;quot;org.openqa.selenium.WebDriver.manage()&amp;quot; because &amp;quot;this.driver&amp;quot; is null">
      <![CDATA[java.lang.NullPointerException: Cannot invoke "org.openqa.selenium.WebDriver.manage()" because "this.driver" is null
at pomExecution.NewTestNG.launchBrowser(NewTestNG.java:44)
... Removed 24 stack frames]]>
    </failure>
  </testcase> <!-- @BeforeTest launchBrowser -->
  <testcase classname="pomExecution.NewTestNG1" name="@BeforeTest launchBrowser" time="-1.646464632893E9">
    <skipped/>
  </testcase> <!-- @BeforeTest launchBrowser -->
  <testcase classname="pomExecution.NewTestNG" name="@BeforeClass createObjectOfPom" time="-1.646464632916E9">
    <skipped/>
  </testcase> <!-- @BeforeClass createObjectOfPom -->
  <testcase classname="pomExecution.NewTestNG" name="@BeforeMethod loginToApplication" time="-1.646464632934E9">
    <skipped/>
  </testcase> <!-- @BeforeMethod loginToApplication -->
  <testcase classname="pomExecution.NewTestNG" name="@AfterMethod logout" time="-1.646464632942E9">
    <skipped/>
  </testcase> <!-- @AfterMethod logout -->
  <testcase classname="pomExecution.NewTestNG" name="@AfterClass clearPomObject" time="-1.646464632945E9">
    <skipped/>
  </testcase> <!-- @AfterClass clearPomObject -->
  <testcase classname="pomExecution.NewTestNG1" name="@BeforeClass createObjectOfPom" time="-1.646464632951E9">
    <skipped/>
  </testcase> <!-- @BeforeClass createObjectOfPom -->
  <testcase classname="pomExecution.NewTestNG1" name="@BeforeMethod loginToApplication" time="-1.646464632953E9">
    <skipped/>
  </testcase> <!-- @BeforeMethod loginToApplication -->
  <testcase classname="pomExecution.NewTestNG1" name="@AfterMethod logout" time="-1.646464632959E9">
    <skipped/>
  </testcase> <!-- @AfterMethod logout -->
  <testcase classname="pomExecution.NewTestNG1" name="@AfterClass clearThePom" time="-1.64646463296E9">
    <skipped/>
  </testcase> <!-- @AfterClass clearThePom -->
  <testcase classname="pomExecution.NewTestNG2" name="@BeforeClass launchBrowser" time="-1.646464632961E9">
    <skipped/>
  </testcase> <!-- @BeforeClass launchBrowser -->
  <testcase classname="pomExecution.NewTestNG2" name="@BeforeMethod loginToApplication" time="-1.646464632963E9">
    <skipped/>
  </testcase> <!-- @BeforeMethod loginToApplication -->
  <testcase classname="pomExecution.NewTestNG2" name="@AfterMethod logout" time="-1.646464632974E9">
    <skipped/>
  </testcase> <!-- @AfterMethod logout -->
  <testcase classname="pomExecution.NewTestNG2" name="@AfterClass closedBrowser" time="-1.646464632976E9">
    <skipped/>
  </testcase> <!-- @AfterClass closedBrowser -->
  <testcase classname="pomExecution.NewTestNG" name="@AfterTest closedBrowser" time="-1.646464632976E9">
    <skipped/>
  </testcase> <!-- @AfterTest closedBrowser -->
  <testcase classname="pomExecution.NewTestNG1" name="@AfterTest closedBrowser" time="-1.646464632978E9">
    <skipped/>
  </testcase> <!-- @AfterTest closedBrowser -->
  <testcase classname="pomExecution.NewTestNG" name="registerPage" time="0.0">
    <skipped/>
  </testcase> <!-- registerPage -->
  <testcase classname="pomExecution.NewTestNG1" name="loginPage" time="0.0">
    <skipped/>
  </testcase> <!-- loginPage -->
  <testcase classname="pomExecution.NewTestNG2" name="loginPage" time="0.0">
    <skipped/>
  </testcase> <!-- loginPage -->
</testsuite> <!-- ChromeTest -->
