<?xml version="1.0" encoding="UTF-8"?>
<!-- Generated by org.testng.reporters.JUnitXMLReporter -->
<testsuite ignored="0" hostname="DESKTOP-VCUM36R" failures="0" tests="3" name="Test" time="74.784" errors="0" timestamp="2022-03-02T15:58:52 IST">
  <testcase classname="pomExecution.NewTestNG" name="registerPage" time="7.364"/>
  <testcase classname="pomExecution.NewTestNG1" name="loginPage" time="4.57"/>
  <testcase classname="pomExecution.NewTestNG2" name="loginPage" time="21.414"/>
</testsuite> <!-- Test -->
